## ComfyUI-Manager: installing dependencies done.
[2024-05-31 23:00] ** ComfyUI startup time: 2024-05-31 23:00:21.512030
[2024-05-31 23:00] ** Platform: Darwin
[2024-05-31 23:00] ** Python version: 3.12.3 | packaged by Anaconda, Inc. | (main, May  6 2024, 14:46:42) [Clang 14.0.6 ]
[2024-05-31 23:00] ** Python executable: /Users/future/miniconda3/envs/comfy/bin/python
[2024-05-31 23:00] ** Log path: /Users/future/Documents/Work/CS/Projects/ComfyUI/comfyui.log
[2024-05-31 23:00] 
Prestartup times for custom nodes:
[2024-05-31 23:00]    0.0 seconds: /Users/future/Documents/Work/CS/Projects/ComfyUI/custom_nodes/rgthree-comfy
[2024-05-31 23:00]    0.5 seconds: /Users/future/Documents/Work/CS/Projects/ComfyUI/custom_nodes/ComfyUI-Manager
[2024-05-31 23:00] 
Total VRAM 18432 MB, total RAM 18432 MB
[2024-05-31 23:00] pytorch version: 2.3.0
[2024-05-31 23:00] Set vram state to: SHARED
[2024-05-31 23:00] Device: mps
[2024-05-31 23:00] VAE dtype: torch.float32
[2024-05-31 23:00] Using sub quadratic optimization for cross attention, if you have memory or speed issues try using: --use-split-cross-attention
[2024-05-31 23:00] ### Loading: ComfyUI-Manager (V2.35.1)
[2024-05-31 23:00] ### ComfyUI Revision: 2221 [04e451e9] | Released on '2024-05-31'
[2024-05-31 23:00] [ComfyUI-Manager] default cache updated: https://raw.githubusercontent.com/ltdrdata/ComfyUI-Manager/main/github-stats.json
[2024-05-31 23:00] [ComfyUI-Manager] default cache updated: https://raw.githubusercontent.com/ltdrdata/ComfyUI-Manager/main/alter-list.json
[2024-05-31 23:00] [ComfyUI-Manager] default cache updated: https://raw.githubusercontent.com/ltdrdata/ComfyUI-Manager/main/extension-node-map.json
[2024-05-31 23:00] [ComfyUI-Manager] default cache updated: https://raw.githubusercontent.com/ltdrdata/ComfyUI-Manager/main/custom-node-list.json
[2024-05-31 23:00] [ComfyUI-Manager] default cache updated: https://raw.githubusercontent.com/ltdrdata/ComfyUI-Manager/main/model-list.json
[2024-05-31 23:00] [34mWAS Node Suite: [0mBlenderNeko's Advanced CLIP Text Encode found, attempting to enable `CLIPTextEncode` support.[0m
[2024-05-31 23:00] [34mWAS Node Suite: [0m`CLIPTextEncode (BlenderNeko Advanced + NSP)` node enabled under `WAS Suite/Conditioning` menu.[0m
[2024-05-31 23:00] [34mWAS Node Suite: [0mOpenCV Python FFMPEG support is enabled[0m
[2024-05-31 23:00] [34mWAS Node Suite [93mWarning: [0m`ffmpeg_bin_path` is not set in `/Users/future/Documents/Work/CS/Projects/ComfyUI/custom_nodes/was-node-suite-comfyui/was_suite_config.json` config file. Will attempt to use system ffmpeg binaries if available.[0m
[2024-05-31 23:00] [34mWAS Node Suite: [0mFinished.[0m [32mLoaded[0m [0m213[0m [32mnodes successfully.[0m
[2024-05-31 23:00] 
	[3m[93m"Don't be afraid to give up the good to go for the great."[0m[3m - John D. Rockefeller[0m
[2024-05-31 23:00] 
[2024-05-31 23:00] 
[2024-05-31 23:00] [92m[rgthree] Loaded 39 magnificent nodes.[0m
[2024-05-31 23:00] [92m[rgthree] Will use rgthree's optimized recursive execution.[0m
[2024-05-31 23:00] 
[2024-05-31 23:00] ### Loading: ComfyUI-Impact-Pack (V5.6)
[2024-05-31 23:00] ### Loading: ComfyUI-Impact-Pack (Subpack: V0.5)
[2024-05-31 23:00] [Impact Pack] Wildcards loading done.
[2024-05-31 23:00] Total VRAM 18432 MB, total RAM 18432 MB
[2024-05-31 23:00] pytorch version: 2.3.0
[2024-05-31 23:00] Set vram state to: SHARED
[2024-05-31 23:00] Device: mps
[2024-05-31 23:00] VAE dtype: torch.float32
[2024-05-31 23:00] [36;20m[comfyui_controlnet_aux] | INFO -> Using ckpts path: /Users/future/Documents/Work/CS/Projects/ComfyUI/custom_nodes/comfyui_controlnet_aux/ckpts[0m
[2024-05-31 23:00] [36;20m[comfyui_controlnet_aux] | INFO -> Using symlinks: False[0m
[2024-05-31 23:00] [36;20m[comfyui_controlnet_aux] | INFO -> Using ort providers: ['CUDAExecutionProvider', 'DirectMLExecutionProvider', 'OpenVINOExecutionProvider', 'ROCMExecutionProvider', 'CPUExecutionProvider', 'CoreMLExecutionProvider'][0m
[2024-05-31 23:00] DWPose: Onnxruntime with acceleration providers detected
[2024-05-31 23:00] /Users/future/miniconda3/envs/comfy/lib/python3.12/site-packages/diffusers/utils/outputs.py:63: UserWarning: torch.utils._pytree._register_pytree_node is deprecated. Please use torch.utils._pytree.register_pytree_node instead.
  torch.utils._pytree._register_pytree_node(
[2024-05-31 23:00] [VideoHelperSuite] - [0;33mWARNING[0m - Failed to import imageio_ffmpeg
[2024-05-31 23:00] [36mEfficiency Nodes:[0m Attempting to add Control Net options to the 'HiRes-Fix Script' Node (comfyui_controlnet_aux add-on)...[92mSuccess![0m
[2024-05-31 23:00] [93mEfficiency Nodes Warning:[0m Failed to import python package 'simpleeval'; related nodes disabled.
[2024-05-31 23:00] 
[2024-05-31 23:00] [92m[tinyterraNodes] [32mLoaded[0m
[2024-05-31 23:00] Loaded Efficiency nodes from /Users/future/Documents/Work/CS/Projects/ComfyUI/custom_nodes/efficiency-nodes-comfyui
[2024-05-31 23:00] Loaded ControlNetPreprocessors nodes from /Users/future/Documents/Work/CS/Projects/ComfyUI/custom_nodes/comfyui_controlnet_aux
[2024-05-31 23:00] Loaded AdvancedControlNet nodes from /Users/future/Documents/Work/CS/Projects/ComfyUI/custom_nodes/ComfyUI-Advanced-ControlNet
[2024-05-31 23:00] Could not find AnimateDiff nodes
[2024-05-31 23:00] Loaded IPAdapter nodes from /Users/future/Documents/Work/CS/Projects/ComfyUI/custom_nodes/ComfyUI_IPAdapter_plus
[2024-05-31 23:00] Loaded VideoHelperSuite from /Users/future/Documents/Work/CS/Projects/ComfyUI/custom_nodes/ComfyUI-VideoHelperSuite
[2024-05-31 23:00] ### Loading: ComfyUI-Impact-Pack (V5.6)
[2024-05-31 23:00] Loaded ImpactPack nodes from /Users/future/Documents/Work/CS/Projects/ComfyUI/custom_nodes/ComfyUI-Impact-Pack
[2024-05-31 23:00] [Impact Pack] Wildcards loading done.
[2024-05-31 23:00] 
Import times for custom nodes:
[2024-05-31 23:00]    0.0 seconds: /Users/future/Documents/Work/CS/Projects/ComfyUI/custom_nodes/ComfyUI_IPAdapter_plus
[2024-05-31 23:00]    0.0 seconds: /Users/future/Documents/Work/CS/Projects/ComfyUI/custom_nodes/websocket_image_save.py
[2024-05-31 23:00]    0.0 seconds: /Users/future/Documents/Work/CS/Projects/ComfyUI/custom_nodes/cg-use-everywhere
[2024-05-31 23:00]    0.0 seconds: /Users/future/Documents/Work/CS/Projects/ComfyUI/custom_nodes/ComfyUI_ADV_CLIP_emb
[2024-05-31 23:00]    0.0 seconds: /Users/future/Documents/Work/CS/Projects/ComfyUI/custom_nodes/comfyui-tooling-nodes
[2024-05-31 23:00]    0.0 seconds: /Users/future/Documents/Work/CS/Projects/ComfyUI/custom_nodes/comfyui-inpaint-nodes
[2024-05-31 23:00]    0.0 seconds: /Users/future/Documents/Work/CS/Projects/ComfyUI/custom_nodes/ComfyUI-VideoHelperSuite
[2024-05-31 23:00]    0.0 seconds: /Users/future/Documents/Work/CS/Projects/ComfyUI/custom_nodes/ComfyUI_UltimateSDUpscale
[2024-05-31 23:00]    0.0 seconds: /Users/future/Documents/Work/CS/Projects/ComfyUI/custom_nodes/rgthree-comfy
[2024-05-31 23:00]    0.0 seconds: /Users/future/Documents/Work/CS/Projects/ComfyUI/custom_nodes/ComfyUI-Frame-Interpolation
[2024-05-31 23:00]    0.0 seconds: /Users/future/Documents/Work/CS/Projects/ComfyUI/custom_nodes/efficiency-nodes-comfyui
[2024-05-31 23:00]    0.0 seconds: /Users/future/Documents/Work/CS/Projects/ComfyUI/custom_nodes/ComfyUI-Advanced-ControlNet
[2024-05-31 23:00]    0.0 seconds: /Users/future/Documents/Work/CS/Projects/ComfyUI/custom_nodes/ComfyUI_tinyterraNodes
[2024-05-31 23:00]    0.0 seconds: /Users/future/Documents/Work/CS/Projects/ComfyUI/custom_nodes/ComfyUI-KJNodes
[2024-05-31 23:00]    0.1 seconds: /Users/future/Documents/Work/CS/Projects/ComfyUI/custom_nodes/comfyui_controlnet_aux
[2024-05-31 23:00]    0.1 seconds: /Users/future/Documents/Work/CS/Projects/ComfyUI/custom_nodes/ComfyUI-AnimateDiff-Evolved
[2024-05-31 23:00]    0.1 seconds: /Users/future/Documents/Work/CS/Projects/ComfyUI/custom_nodes/ComfyUI-Manager
[2024-05-31 23:00]    0.1 seconds: /Users/future/Documents/Work/CS/Projects/ComfyUI/custom_nodes/ComfyUI-Diffusers
[2024-05-31 23:00]    0.2 seconds: /Users/future/Documents/Work/CS/Projects/ComfyUI/custom_nodes/comfyui-art-venture
[2024-05-31 23:00]    0.6 seconds: /Users/future/Documents/Work/CS/Projects/ComfyUI/custom_nodes/ComfyUI-Impact-Pack
[2024-05-31 23:00]    2.6 seconds: /Users/future/Documents/Work/CS/Projects/ComfyUI/custom_nodes/was-node-suite-comfyui
[2024-05-31 23:00] 
[2024-05-31 23:00] Starting server

[2024-05-31 23:00] To see the GUI go to: http://127.0.0.1:8188
[2024-05-31 23:06] FETCH DATA from: /Users/future/Documents/Work/CS/Projects/ComfyUI/custom_nodes/ComfyUI-Manager/extension-node-map.json [DONE]
[2024-05-31 23:07] 
Stopped server
