2024-05-30 18:27:47,558 - INFO - train_model_with_convolution_neural_networks
2024-05-30 18:29:21,376 - INFO - Number of training samples: 56000
2024-05-30 18:29:21,377 - INFO - Number of test samples: 14000
2024-05-30 18:29:21,380 - INFO - Shape of x_train before reshaping: (56000, 28, 28, 3)
2024-05-30 18:29:21,380 - INFO - Shape of x_test before reshaping: (14000, 28, 28, 3)
2024-05-30 18:29:21,498 - INFO - Shape of x_train after reshaping: (56000, 28, 28, 3)
2024-05-30 18:29:21,498 - INFO - Shape of x_test after reshaping: (14000, 28, 28, 3)
2024-05-30 18:29:21,542 - INFO - Starting training...
2024-05-30 18:29:21,542 - INFO - Shape of x_train before reshaping: (56000, 28, 28, 3)
2024-05-30 18:29:37,970 - INFO - Epoch 0 - loss: 2.1770 - accuracy: 0.6191
2024-05-30 18:29:53,774 - INFO - Epoch 1 - loss: 1.4801 - accuracy: 0.9982
2024-05-30 18:30:10,089 - INFO - Epoch 2 - loss: 0.3627 - accuracy: 1.0000
2024-05-30 18:30:27,216 - INFO - Epoch 3 - loss: 0.0621 - accuracy: 1.0000
2024-05-30 18:30:43,160 - INFO - Epoch 4 - loss: 0.0236 - accuracy: 1.0000
2024-05-30 18:30:59,117 - INFO - Epoch 5 - loss: 0.0131 - accuracy: 1.0000
2024-05-30 18:31:14,977 - INFO - Epoch 6 - loss: 0.0081 - accuracy: 1.0000
2024-05-30 18:31:31,258 - INFO - Epoch 7 - loss: 0.0057 - accuracy: 1.0000
2024-05-30 18:31:47,434 - INFO - Epoch 8 - loss: 0.0043 - accuracy: 1.0000
2024-05-30 18:32:03,669 - INFO - Epoch 9 - loss: 0.0032 - accuracy: 1.0000
2024-05-30 18:32:19,847 - INFO - Epoch 10 - loss: 0.0025 - accuracy: 1.0000
2024-05-30 18:32:36,572 - INFO - Epoch 11 - loss: 0.0020 - accuracy: 1.0000
2024-05-30 18:32:36,581 - INFO - Training completed!
2024-05-30 18:32:38,187 - INFO - Test accuracy: 1.000000
2024-05-30 18:32:38,188 - INFO - Test loss: 0.000386, Test accuracy: 1.000000
2024-05-30 18:46:46,812 - INFO - train_model_with_convolution_neural_networks
2024-05-30 18:47:09,657 - INFO - train_model_with_convolution_neural_networks
2024-05-30 18:47:10,878 - INFO - Number of training samples: 716
2024-05-30 18:47:10,878 - INFO - Number of test samples: 180
2024-05-30 18:47:10,878 - INFO - Shape of x_train before reshaping: (716, 1, 28, 28, 3)
2024-05-30 18:47:10,879 - INFO - Shape of x_test before reshaping: (180, 1, 28, 28, 3)
2024-05-30 18:47:10,880 - INFO - Shape of x_train after reshaping: (716, 28, 28, 3)
2024-05-30 18:47:10,880 - INFO - Shape of x_test after reshaping: (180, 28, 28, 3)
2024-05-30 18:47:10,942 - INFO - Starting training...
2024-05-30 18:47:10,942 - INFO - Shape of x_train before reshaping: (716, 28, 28, 3)
2024-05-30 18:47:11,678 - INFO - Epoch 0 - loss: 2.3025 - accuracy: 0.2737
2024-05-30 18:47:11,921 - INFO - Epoch 1 - loss: 2.3024 - accuracy: 0.4413
2024-05-30 18:47:12,170 - INFO - Epoch 2 - loss: 2.3023 - accuracy: 0.6034
2024-05-30 18:47:12,503 - INFO - Epoch 3 - loss: 2.3022 - accuracy: 0.6746
2024-05-30 18:47:12,768 - INFO - Epoch 4 - loss: 2.3021 - accuracy: 0.7765
2024-05-30 18:47:13,009 - INFO - Epoch 5 - loss: 2.3020 - accuracy: 0.8394
2024-05-30 18:47:13,272 - INFO - Epoch 6 - loss: 2.3018 - accuracy: 0.9106
2024-05-30 18:47:13,512 - INFO - Epoch 7 - loss: 2.3017 - accuracy: 0.9441
2024-05-30 18:47:13,754 - INFO - Epoch 8 - loss: 2.3016 - accuracy: 0.9413
2024-05-30 18:47:14,002 - INFO - Epoch 9 - loss: 2.3015 - accuracy: 0.9777
2024-05-30 18:47:14,240 - INFO - Epoch 10 - loss: 2.3013 - accuracy: 0.9818
2024-05-30 18:47:14,474 - INFO - Epoch 11 - loss: 2.3012 - accuracy: 0.9888
2024-05-30 18:47:14,476 - INFO - Training completed!
2024-05-30 18:47:14,524 - INFO - Test accuracy: 1.000000
2024-05-30 18:47:14,524 - INFO - Test loss: 2.301050, Test accuracy: 1.000000
2024-05-30 18:51:58,321 - INFO - train_model_with_convolution_neural_networks
2024-05-30 18:53:32,119 - INFO - Number of training samples: 56000
2024-05-30 18:53:32,121 - INFO - Number of test samples: 14000
2024-05-30 18:53:32,126 - INFO - Shape of x_train before reshaping: (56000, 28, 28, 3)
2024-05-30 18:53:32,127 - INFO - Shape of x_test before reshaping: (14000, 28, 28, 3)
2024-05-30 18:53:32,302 - INFO - Shape of x_train after reshaping: (56000, 28, 28, 3)
2024-05-30 18:53:32,302 - INFO - Shape of x_test after reshaping: (14000, 28, 28, 3)
2024-05-30 18:53:32,377 - INFO - Starting training...
2024-05-30 18:53:32,377 - INFO - Shape of x_train before reshaping: (56000, 28, 28, 3)
2024-05-30 18:53:49,828 - INFO - Epoch 0 - loss: 2.2938 - accuracy: 0.9763
2024-05-30 18:54:06,766 - INFO - Epoch 1 - loss: 2.2572 - accuracy: 0.9998
2024-05-30 18:54:22,989 - INFO - Epoch 2 - loss: 2.0524 - accuracy: 1.0000
2024-05-30 18:54:40,570 - INFO - Epoch 3 - loss: 0.7372 - accuracy: 1.0000
2024-05-30 18:54:57,871 - INFO - Epoch 4 - loss: 0.0535 - accuracy: 1.0000
2024-05-30 18:55:15,953 - INFO - Epoch 5 - loss: 0.0182 - accuracy: 1.0000
2024-05-30 18:55:34,595 - INFO - Epoch 6 - loss: 0.0099 - accuracy: 1.0000
2024-05-30 18:55:51,340 - INFO - Epoch 7 - loss: 0.0066 - accuracy: 1.0000
2024-05-30 18:56:07,721 - INFO - Epoch 8 - loss: 0.0046 - accuracy: 1.0000
2024-05-30 18:56:24,561 - INFO - Epoch 9 - loss: 0.0035 - accuracy: 1.0000
2024-05-30 18:56:40,387 - INFO - Epoch 10 - loss: 0.0026 - accuracy: 1.0000
2024-05-30 18:56:57,133 - INFO - Epoch 11 - loss: 0.0021 - accuracy: 1.0000
2024-05-30 18:56:57,147 - INFO - Training completed!
2024-05-30 18:56:58,460 - INFO - Test accuracy: 1.000000
2024-05-30 18:56:58,460 - INFO - Test loss: 0.000317, Test accuracy: 1.000000
2024-05-30 18:59:18,963 - INFO - train_model_with_convolution_neural_networks
2024-05-30 18:59:20,155 - INFO - Number of training samples: 716
2024-05-30 18:59:20,155 - INFO - Number of test samples: 180
2024-05-30 18:59:20,155 - INFO - Shape of x_train before reshaping: (716, 28, 28, 3)
2024-05-30 18:59:20,155 - INFO - Shape of x_test before reshaping: (180, 28, 28, 3)
2024-05-30 18:59:20,157 - INFO - Shape of x_train after reshaping: (716, 28, 28, 3)
2024-05-30 18:59:20,157 - INFO - Shape of x_test after reshaping: (180, 28, 28, 3)
2024-05-30 18:59:20,194 - INFO - Starting training...
2024-05-30 18:59:20,194 - INFO - Shape of x_train before reshaping: (716, 28, 28, 3)
2024-05-30 18:59:20,858 - INFO - Epoch 0 - loss: 2.3025 - accuracy: 0.3128
2024-05-30 18:59:21,182 - INFO - Epoch 1 - loss: 2.3024 - accuracy: 0.5056
2024-05-30 18:59:21,416 - INFO - Epoch 2 - loss: 2.3023 - accuracy: 0.6439
2024-05-30 18:59:21,649 - INFO - Epoch 3 - loss: 2.3022 - accuracy: 0.7277
2024-05-30 18:59:21,900 - INFO - Epoch 4 - loss: 2.3020 - accuracy: 0.8184
2024-05-30 18:59:22,152 - INFO - Epoch 5 - loss: 2.3019 - accuracy: 0.8631
2024-05-30 18:59:22,390 - INFO - Epoch 6 - loss: 2.3018 - accuracy: 0.9162
2024-05-30 18:59:22,629 - INFO - Epoch 7 - loss: 2.3016 - accuracy: 0.9246
2024-05-30 18:59:22,907 - INFO - Epoch 8 - loss: 2.3014 - accuracy: 0.9483
2024-05-30 18:59:23,141 - INFO - Epoch 9 - loss: 2.3013 - accuracy: 0.9777
2024-05-30 18:59:23,375 - INFO - Epoch 10 - loss: 2.3011 - accuracy: 0.9804
2024-05-30 18:59:23,608 - INFO - Epoch 11 - loss: 2.3009 - accuracy: 0.9763
2024-05-30 18:59:23,610 - INFO - Training completed!
2024-05-30 18:59:23,658 - INFO - Test accuracy: 1.000000
2024-05-30 18:59:23,658 - INFO - Test loss: 2.300780, Test accuracy: 1.000000
2024-05-30 19:03:06,052 - INFO - train_model_with_convolution_neural_networks
2024-05-30 19:03:07,333 - INFO - Number of training samples: 716
2024-05-30 19:03:07,333 - INFO - Number of test samples: 180
2024-05-30 19:03:07,333 - INFO - Shape of x_train before reshaping: (716, 28, 28, 3)
2024-05-30 19:03:07,333 - INFO - Shape of x_test before reshaping: (180, 28, 28, 3)
2024-05-30 19:03:07,336 - INFO - Shape of x_train after reshaping: (716, 28, 28, 3)
2024-05-30 19:03:07,336 - INFO - Shape of x_test after reshaping: (180, 28, 28, 3)
2024-05-30 19:03:07,378 - INFO - Starting training...
2024-05-30 19:03:07,378 - INFO - Shape of x_train before reshaping: (716, 28, 28, 3)
2024-05-30 19:03:08,047 - INFO - Epoch 0 - loss: 2.3028 - accuracy: 0.1215
2024-05-30 19:03:08,280 - INFO - Epoch 1 - loss: 2.3027 - accuracy: 0.2500
2024-05-30 19:03:08,513 - INFO - Epoch 2 - loss: 2.3026 - accuracy: 0.3394
2024-05-30 19:03:08,763 - INFO - Epoch 3 - loss: 2.3025 - accuracy: 0.4134
2024-05-30 19:03:08,996 - INFO - Epoch 4 - loss: 2.3024 - accuracy: 0.4777
2024-05-30 19:03:09,231 - INFO - Epoch 5 - loss: 2.3023 - accuracy: 0.5447
2024-05-30 19:03:09,471 - INFO - Epoch 6 - loss: 2.3022 - accuracy: 0.6103
2024-05-30 19:03:09,708 - INFO - Epoch 7 - loss: 2.3021 - accuracy: 0.6620
2024-05-30 19:03:09,974 - INFO - Epoch 8 - loss: 2.3020 - accuracy: 0.7123
2024-05-30 19:03:10,207 - INFO - Epoch 9 - loss: 2.3019 - accuracy: 0.7849
2024-05-30 19:03:10,454 - INFO - Epoch 10 - loss: 2.3017 - accuracy: 0.8045
2024-05-30 19:03:10,691 - INFO - Epoch 11 - loss: 2.3016 - accuracy: 0.8659
2024-05-30 19:03:10,693 - INFO - Training completed!
2024-05-30 19:03:10,741 - INFO - Test accuracy: 0.966667
2024-05-30 19:03:10,742 - INFO - Test loss: 2.301502, Test accuracy: 0.966667
