2024-05-31 12:19:36,790 - INFO - Loading MNIST Data...
2024-05-31 12:19:36,790 - INFO - Loading Training Data...
2024-05-31 12:21:38,491 - INFO - Loading MNIST Data...
2024-05-31 12:21:38,492 - INFO - Loading Training Data...
2024-05-31 12:21:40,191 - INFO - Loading Testing Data...
2024-05-31 12:21:40,474 - INFO - Preparing Classifier Training and Validation Data...
2024-05-31 12:21:40,532 - INFO - KNN Classifier with n_neighbors = 5, algorithm = auto, n_jobs = 10
2024-05-31 12:21:40,532 - INFO - Pickling the Classifier for Future Use...
2024-05-31 12:21:40,665 - INFO - Calculating Accuracy of trained Classifier...
2024-05-31 12:21:49,126 - INFO - Making Predictions on Validation Data...
2024-05-31 12:21:57,392 - INFO - Calculating Accuracy of Predictions...
2024-05-31 12:21:57,394 - INFO - Creating Confusion Matrix...
2024-05-31 12:21:57,628 - INFO - Making Predictions on Test Input Images...
2024-05-31 12:22:11,636 - INFO - Calculating Accuracy of Trained Classifier on Test Data... 
2024-05-31 12:22:11,638 - INFO -  Creating Confusion Matrix for Test Data...
2024-05-31 12:22:12,246 - INFO - ne
2024-05-31 12:22:55,977 - INFO - Loading MNIST Data...
2024-05-31 12:22:55,977 - INFO - Loading Training Data...
2024-05-31 12:22:57,661 - INFO - Loading Testing Data...
2024-05-31 12:22:57,944 - INFO - Preparing Classifier Training and Validation Data...
2024-05-31 12:22:58,002 - INFO - KNN Classifier with n_neighbors = 5, algorithm = auto, n_jobs = 10
2024-05-31 12:22:58,003 - INFO - Pickling the Classifier for Future Use...
2024-05-31 12:22:58,157 - INFO - Calculating Accuracy of trained Classifier...
2024-05-31 12:23:05,617 - INFO - Making Predictions on Validation Data...
2024-05-31 12:23:12,631 - INFO - Calculating Accuracy of Predictions...
2024-05-31 12:23:12,632 - INFO - Creating Confusion Matrix...
2024-05-31 12:23:12,792 - INFO - Making Predictions on Test Input Images...
2024-05-31 12:23:25,236 - INFO - Calculating Accuracy of Trained Classifier on Test Data... 
2024-05-31 12:23:25,236 - INFO -  Creating Confusion Matrix for Test Data...
2024-05-31 12:23:25,871 - INFO - ne
2024-05-31 12:25:03,233 - INFO - Loading MNIST Data...
2024-05-31 12:25:03,233 - INFO - Loading Training Data...
2024-05-31 12:25:04,921 - INFO - Loading Testing Data...
2024-05-31 12:25:05,205 - INFO - Preparing Classifier Training and Validation Data...
2024-05-31 12:25:05,280 - INFO - KNN Classifier with n_neighbors = 5, algorithm = auto, n_jobs = 10
2024-05-31 12:25:05,280 - INFO - Pickling the Classifier for Future Use...
2024-05-31 12:25:05,457 - INFO - Calculating Accuracy of trained Classifier...
2024-05-31 12:25:14,207 - INFO - Making Predictions on Validation Data...
2024-05-31 12:25:21,413 - INFO - Calculating Accuracy of Predictions...
2024-05-31 12:25:21,414 - INFO - Creating Confusion Matrix...
2024-05-31 12:25:21,415 - INFO - KNN Trained Classifier Confidence: 0.971000
2024-05-31 12:25:21,421 - INFO - Accuracy of Classifier on Validation Image Data: 0.971000
2024-05-31 12:25:21,585 - INFO - Making Predictions on Test Input Images...
2024-05-31 12:25:35,207 - INFO - Calculating Accuracy of Trained Classifier on Test Data... 
2024-05-31 12:25:35,208 - INFO -  Creating Confusion Matrix for Test Data...
2024-05-31 12:25:35,210 - INFO - Accuracy of Classifier on Test Images: 
0.967700
2024-05-31 12:25:35,820 - INFO - Done
2024-05-31 12:27:30,918 - INFO - Loading MNIST Data...
2024-05-31 12:27:30,918 - INFO - Loading Training Data...
2024-05-31 12:27:32,621 - INFO - Loading Testing Data...
2024-05-31 12:27:32,900 - INFO - Preparing Classifier Training and Validation Data...
2024-05-31 12:27:32,971 - INFO - KNN Classifier with n_neighbors = 5, algorithm = auto, n_jobs = 10
2024-05-31 12:27:32,971 - INFO - Pickling the Classifier for Future Use...
2024-05-31 12:27:33,149 - INFO - Calculating Accuracy of trained Classifier...
2024-05-31 12:27:41,924 - INFO - Making Predictions on Validation Data...
2024-05-31 12:27:50,619 - INFO - Calculating Accuracy of Predictions...
2024-05-31 12:27:50,621 - INFO - Creating Confusion Matrix...
2024-05-31 12:27:50,622 - INFO - KNN Trained Classifier Confidence: 0.973000
2024-05-31 12:27:50,626 - INFO - Accuracy of Classifier on Validation Image Data: 0.973000
2024-05-31 12:27:58,401 - INFO - Making Predictions on Test Input Images...
2024-05-31 12:28:13,068 - INFO - Calculating Accuracy of Trained Classifier on Test Data... 
2024-05-31 12:28:13,070 - INFO -  Creating Confusion Matrix for Test Data...
2024-05-31 12:28:13,072 - INFO - Accuracy of Classifier on Test Images: 
0.968700
2024-05-31 12:28:13,684 - INFO - Done
2024-05-31 12:34:01,780 - INFO - Loading MNIST Data...
2024-05-31 12:34:01,780 - INFO - Loading Training Data...
2024-05-31 12:34:03,488 - INFO - Loading Testing Data...
2024-05-31 12:34:03,896 - INFO - Preparing Classifier Training and Validation Data...
2024-05-31 12:34:03,896 - INFO - KNN Classifier with n_neighbors = 5, algorithm = auto, n_jobs = 10
2024-05-31 12:34:03,896 - INFO - Pickling the Classifier for Future Use...
2024-05-31 12:34:04,090 - INFO - Calculating Accuracy of trained Classifier...
2024-05-31 12:34:12,446 - INFO - Making Predictions on Validation Data...
2024-05-31 12:34:20,351 - INFO - Calculating Accuracy of Predictions...
2024-05-31 12:34:20,353 - INFO - Creating Confusion Matrix...
2024-05-31 12:34:20,355 - INFO - KNN Trained Classifier Confidence: 0.975833
2024-05-31 12:34:20,359 - INFO - Accuracy of Classifier on Validation Image Data: 0.975833
2024-05-31 12:34:22,943 - INFO - Making Predictions on Test Input Images...
2024-05-31 12:34:37,503 - INFO - Calculating Accuracy of Trained Classifier on Test Data... 
2024-05-31 12:34:37,505 - INFO -  Creating Confusion Matrix for Test Data...
2024-05-31 12:34:37,508 - INFO - Accuracy of Classifier on Test Images: 
0.968800
2024-05-31 12:34:38,116 - INFO - Done
2024-05-31 12:38:15,445 - INFO - Loading MNIST Data...
2024-05-31 12:38:15,446 - INFO - Loading Training Data...
2024-05-31 12:38:17,154 - INFO - Loading Testing Data...
2024-05-31 12:38:17,549 - INFO - Preparing Classifier Training and Validation Data...
2024-05-31 12:38:17,550 - INFO - KNN Classifier with n_neighbors = 5, algorithm = auto, n_jobs = 10
2024-05-31 12:38:17,550 - INFO - Pickling the Classifier for Future Use...
2024-05-31 12:38:17,711 - INFO - Calculating Accuracy of trained Classifier...
2024-05-31 12:38:25,828 - INFO - Making Predictions on Validation Data...
2024-05-31 12:38:32,972 - INFO - Calculating Accuracy of Predictions...
2024-05-31 12:38:32,973 - INFO - Creating Confusion Matrix...
2024-05-31 12:38:32,974 - INFO - KNN Trained Classifier Confidence: 0.970167
2024-05-31 12:38:32,978 - INFO - Accuracy of Classifier on Validation Image Data: 0.970167
2024-05-31 12:38:33,132 - INFO - Making Predictions on Test Input Images...
2024-05-31 12:38:46,265 - INFO - Calculating Accuracy of Trained Classifier on Test Data... 
2024-05-31 12:38:46,267 - INFO -  Creating Confusion Matrix for Test Data...
2024-05-31 12:38:46,269 - INFO - Accuracy of Classifier on Test Images: 
0.968000
2024-05-31 12:38:53,707 - INFO - Done
2024-05-31 12:42:31,712 - INFO - Loading MNIST Data...
2024-05-31 12:42:31,712 - INFO - Loading Training Data...
2024-05-31 12:42:33,393 - INFO - Loading Testing Data...
2024-05-31 12:42:33,777 - INFO - Preparing Classifier Training and Validation Data...
2024-05-31 12:42:33,777 - INFO - KNN Classifier with n_neighbors = 5, algorithm = auto, n_jobs = 10
2024-05-31 12:42:33,777 - INFO - Pickling the Classifier for Future Use...
2024-05-31 12:42:33,961 - INFO - Calculating Accuracy of trained Classifier...
2024-05-31 12:42:42,479 - INFO - Making Predictions on Validation Data...
2024-05-31 12:42:49,945 - INFO - Calculating Accuracy of Predictions...
2024-05-31 12:42:49,946 - INFO - Creating Confusion Matrix...
2024-05-31 12:42:49,948 - INFO - KNN Trained Classifier Confidence: 0.970167
2024-05-31 12:42:49,951 - INFO - Accuracy of Classifier on Validation Image Data: 0.970167
2024-05-31 12:42:50,109 - INFO - Making Predictions on Test Input Images...
2024-05-31 12:43:02,846 - INFO - Calculating Accuracy of Trained Classifier on Test Data... 
2024-05-31 12:43:02,847 - INFO -  Creating Confusion Matrix for Test Data...
2024-05-31 12:43:02,849 - INFO - Accuracy of Classifier on Test Images: 
0.967000
2024-05-31 12:43:03,485 - INFO - Done
2024-05-31 12:45:57,336 - INFO - Loading MNIST Data...
2024-05-31 12:45:57,336 - INFO - Loading Training Data...
2024-05-31 12:45:59,036 - INFO - Loading Testing Data...
2024-05-31 12:45:59,423 - INFO - Preparing Classifier Training and Validation Data...
2024-05-31 12:45:59,423 - INFO - KNN Classifier with n_neighbors = 5, algorithm = auto, n_jobs = 10
2024-05-31 12:45:59,423 - INFO - Pickling the Classifier for Future Use...
2024-05-31 12:45:59,626 - INFO - Calculating Accuracy of trained Classifier...
2024-05-31 12:46:07,306 - INFO - Making Predictions on Validation Data...
2024-05-31 12:46:14,679 - INFO - Calculating Accuracy of Predictions...
2024-05-31 12:46:14,680 - INFO - Creating Confusion Matrix...
2024-05-31 12:46:14,681 - INFO - KNN Trained Classifier Confidence: 0.968833
2024-05-31 12:46:14,685 - INFO - Accuracy of Classifier on Validation Image Data: 0.968833
2024-05-31 12:46:14,685 - INFO - Confusion Matrix:
561	2	2	0	0	1	0	0	0	1
1	666	1	0	2	0	0	3	0	0
4	4	583	0	1	1	0	7	0	1
1	3	6	635	0	1	0	1	2	3
0	8	0	0	557	0	1	2	0	10
2	0	1	5	0	510	8	3	0	5
2	1	0	0	0	2	551	0	0	0
0	6	1	1	1	0	0	618	0	6
2	8	2	3	4	10	3	2	524	6
1	2	1	6	10	2	0	10	2	608
2024-05-31 12:46:14,844 - INFO - Making Predictions on Test Input Images...
2024-05-31 12:46:27,409 - INFO - Calculating Accuracy of Trained Classifier on Test Data... 
2024-05-31 12:46:27,410 - INFO -  Creating Confusion Matrix for Test Data...
2024-05-31 12:46:27,426 - INFO - Accuracy of Classifier on Test Images: 
0.968300
2024-05-31 12:46:27,426 - INFO - Confusion Matrix for Test Data:
973	1	1	0	0	2	2	1	0	0
0	1131	2	0	0	0	2	0	0	0
12	7	990	2	0	0	1	16	4	0
0	3	4	974	1	13	1	6	3	5
3	7	0	0	945	0	5	1	1	20
5	0	0	13	2	865	2	1	2	2
6	3	0	0	3	2	944	0	0	0
0	23	5	0	2	0	0	988	0	10
7	3	6	15	6	13	5	5	910	4
4	7	3	7	8	3	1	11	2	963
2024-05-31 12:46:28,055 - INFO - Done
2024-05-31 12:49:07,633 - INFO - Loading MNIST Data...
2024-05-31 12:49:07,633 - INFO - Loading Training Data...
2024-05-31 12:49:09,317 - INFO - Loading Testing Data...
2024-05-31 12:49:09,702 - INFO - Preparing Classifier Training and Validation Data...
2024-05-31 12:49:09,703 - INFO - KNN Classifier with n_neighbors = 5, algorithm = auto, n_jobs = 10
2024-05-31 12:49:09,703 - INFO - Pickling the Classifier for Future Use...
2024-05-31 12:49:09,891 - INFO - Calculating Accuracy of trained Classifier...
2024-05-31 12:49:17,950 - INFO - Making Predictions on Validation Data...
2024-05-31 12:49:25,752 - INFO - Calculating Accuracy of Predictions...
2024-05-31 12:49:25,753 - INFO - Creating Confusion Matrix...
2024-05-31 12:49:25,755 - INFO - KNN Trained Classifier Confidence: 0.969333
2024-05-31 12:49:25,758 - INFO - Accuracy of Classifier on Validation Image Data: 0.969333
2024-05-31 12:49:25,758 - INFO - Confusion Matrix:
601	1	0	0	0	2	4	0	0	0
0	671	2	0	0	0	1	0	0	0
5	4	556	4	0	1	2	10	1	2
2	0	6	581	0	1	0	2	2	3
0	8	0	0	578	0	0	0	0	13
4	1	1	5	2	533	8	2	1	1
1	2	0	0	3	1	595	0	1	0
0	11	1	0	2	0	0	578	0	2
1	8	1	6	3	8	3	1	565	4
2	0	0	1	7	0	1	8	5	558
2024-05-31 12:49:25,929 - INFO - Making Predictions on Test Input Images...
2024-05-31 12:49:39,196 - INFO - Calculating Accuracy of Trained Classifier on Test Data... 
2024-05-31 12:49:39,197 - INFO -  Creating Confusion Matrix for Test Data...
2024-05-31 12:49:39,199 - INFO - Accuracy of Classifier on Test Images: 
0.969000
2024-05-31 12:49:39,200 - INFO - Confusion Matrix for Test Data:
975	1	1	0	0	0	1	1	1	0
0	1133	2	0	0	0	0	0	0	0
10	9	990	2	1	0	1	16	3	0
0	3	3	976	1	12	1	7	3	4
3	7	0	0	945	0	4	1	1	21
5	0	0	11	2	865	4	1	2	2
6	2	0	0	3	2	945	0	0	0
0	23	4	0	2	0	0	987	0	12
9	4	5	11	7	13	5	4	912	4
6	5	3	8	7	3	1	12	2	962
2024-05-31 12:49:39,825 - INFO - Done
